-------------------------------------------------------------------------------
Test set: me.pustinek.interactivemessenger.bukkit.testing.unit.TestMessage
-------------------------------------------------------------------------------
Tests run: 1, Failures: 1, Errors: 0, Skipped: 0, Time elapsed: 0.01 sec <<< FAILURE! - in me.pustinek.interactivemessenger.bukkit.testing.unit.TestMessage
me.pustinek.interactivemessenger.bukkit.testing.unit.TestMessage  Time elapsed: 0.01 sec  <<< FAILURE!
junit.framework.AssertionFailedError: Resource file messages.yml not found in the jar
	at me.pustinek.interactivemessenger.bukkit.testing.unit.TestMessage.initMessage(TestMessage.java:34)

