<?xml version="1.0" encoding="UTF-8"?>
<testsuite xmlns:xsi="http://www.w3.org/2001/XMLSchema-instance" xsi:schemaLocation="https://maven.apache.org/surefire/maven-surefire-plugin/xsd/surefire-test-report.xsd" name="me.pustinek.interactivemessenger.bukkit.testing.RunTests" time="0.47" tests="43" errors="0" skipped="0" failures="0">
  <properties>
[...]
</properties>
  <testcase name="newlineIgnoreAfter" classname="me.pustinek.interactivemessenger.bukkit.testing.parsergenerator.ParserGeneratorTestCase" time="0.055"/>
  <testcase name="newlineSimple" classname="me.pustinek.interactivemessenger.bukkit.testing.parsergenerator.ParserGeneratorTestCase" time="0.003"/>
  <testcase name="tagIgnoreAfter" classname="me.pustinek.interactivemessenger.bukkit.testing.parsergenerator.ParserGeneratorTestCase" time="0.004"/>
  <testcase name="tagSimple" classname="me.pustinek.interactivemessenger.bukkit.testing.parsergenerator.ParserGeneratorTestCase" time="0.004"/>
  <testcase name="bug1" classname="me.pustinek.interactivemessenger.bukkit.testing.parsergenerator.ParserGeneratorTestCase" time="0.015"/>
  <testcase name="hex" classname="me.pustinek.interactivemessenger.bukkit.testing.parsergenerator.ParserGeneratorTestCase" time="0.064"/>
  <testcase name="legacyAllAnd" classname="me.pustinek.interactivemessenger.bukkit.testing.parsergenerator.ParserGeneratorTestCase" time="0.018"/>
  <testcase name="legacyAllAnd" classname="me.pustinek.interactivemessenger.bukkit.testing.parsergenerator.ParserGeneratorTestCase" time="0.005"/>
  <testcase name="legacyAllSection" classname="me.pustinek.interactivemessenger.bukkit.testing.parsergenerator.ParserGeneratorTestCase" time="0.017"/>
  <testcase name="legacyAllSection" classname="me.pustinek.interactivemessenger.bukkit.testing.parsergenerator.ParserGeneratorTestCase" time="0.005"/>
  <testcase name="legacyMultiple" classname="me.pustinek.interactivemessenger.bukkit.testing.parsergenerator.ParserGeneratorTestCase" time="0.005"/>
  <testcase name="legacyOneInFront" classname="me.pustinek.interactivemessenger.bukkit.testing.parsergenerator.ParserGeneratorTestCase" time="0.003"/>
  <testcase name="legacyOneInMiddle" classname="me.pustinek.interactivemessenger.bukkit.testing.parsergenerator.ParserGeneratorTestCase" time="0.004"/>
  <testcase name="tagAll" classname="me.pustinek.interactivemessenger.bukkit.testing.parsergenerator.ParserGeneratorTestCase" time="0.028"/>
  <testcase name="tagAll" classname="me.pustinek.interactivemessenger.bukkit.testing.parsergenerator.ParserGeneratorTestCase" time="0.019"/>
  <testcase name="tagCapitalisation" classname="me.pustinek.interactivemessenger.bukkit.testing.parsergenerator.ParserGeneratorTestCase" time="0.005"/>
  <testcase name="tagCapitalisation" classname="me.pustinek.interactivemessenger.bukkit.testing.parsergenerator.ParserGeneratorTestCase" time="0.006"/>
  <testcase name="tagMultiple" classname="me.pustinek.interactivemessenger.bukkit.testing.parsergenerator.ParserGeneratorTestCase" time="0.003"/>
  <testcase name="tagOneInFront" classname="me.pustinek.interactivemessenger.bukkit.testing.parsergenerator.ParserGeneratorTestCase" time="0.002"/>
  <testcase name="tagOneInMiddle" classname="me.pustinek.interactivemessenger.bukkit.testing.parsergenerator.ParserGeneratorTestCase" time="0.004"/>
  <testcase name="utf8" classname="me.pustinek.interactivemessenger.bukkit.testing.parsergenerator.ParserGeneratorTestCase" time="0.005"/>
  <testcase name="backslashes" classname="me.pustinek.interactivemessenger.bukkit.testing.parsergenerator.ParserGeneratorTestCase" time="0.006"/>
  <testcase name="break" classname="me.pustinek.interactivemessenger.bukkit.testing.parsergenerator.ParserGeneratorTestCase" time="0.002"/>
  <testcase name="legacyColor" classname="me.pustinek.interactivemessenger.bukkit.testing.parsergenerator.ParserGeneratorTestCase" time="0.002"/>
  <testcase name="legacyFormatting" classname="me.pustinek.interactivemessenger.bukkit.testing.parsergenerator.ParserGeneratorTestCase" time="0.003"/>
  <testcase name="reset" classname="me.pustinek.interactivemessenger.bukkit.testing.parsergenerator.ParserGeneratorTestCase" time="0.002"/>
  <testcase name="tagColor" classname="me.pustinek.interactivemessenger.bukkit.testing.parsergenerator.ParserGeneratorTestCase" time="0.003"/>
  <testcase name="tagFormatting" classname="me.pustinek.interactivemessenger.bukkit.testing.parsergenerator.ParserGeneratorTestCase" time="0.002"/>
  <testcase name="resetToWhite" classname="me.pustinek.interactivemessenger.bukkit.testing.parsergenerator.ParserGeneratorTestCase" time="0.004"/>
  <testcase name="complicatedText" classname="me.pustinek.interactivemessenger.bukkit.testing.parsergenerator.ParserGeneratorTestCase" time="0.005"/>
  <testcase name="formatting" classname="me.pustinek.interactivemessenger.bukkit.testing.parsergenerator.ParserGeneratorTestCase" time="0.005"/>
  <testcase name="indents" classname="me.pustinek.interactivemessenger.bukkit.testing.parsergenerator.ParserGeneratorTestCase" time="0.008"/>
  <testcase name="multipleHovers" classname="me.pustinek.interactivemessenger.bukkit.testing.parsergenerator.ParserGeneratorTestCase" time="0.003"/>
  <testcase name="multipleLines" classname="me.pustinek.interactivemessenger.bukkit.testing.parsergenerator.ParserGeneratorTestCase" time="0.004"/>
  <testcase name="multipleLinesBreak" classname="me.pustinek.interactivemessenger.bukkit.testing.parsergenerator.ParserGeneratorTestCase" time="0.003"/>
  <testcase name="multipleLinesNewline" classname="me.pustinek.interactivemessenger.bukkit.testing.parsergenerator.ParserGeneratorTestCase" time="0.004"/>
  <testcase name="noHover" classname="me.pustinek.interactivemessenger.bukkit.testing.parsergenerator.ParserGeneratorTestCase" time="0.001"/>
  <testcase name="simple" classname="me.pustinek.interactivemessenger.bukkit.testing.parsergenerator.ParserGeneratorTestCase" time="0.002"/>
  <testcase name="legacyAnd" classname="me.pustinek.interactivemessenger.bukkit.testing.parsergenerator.ParserGeneratorTestCase" time="0.009"/>
  <testcase name="legacySection" classname="me.pustinek.interactivemessenger.bukkit.testing.parsergenerator.ParserGeneratorTestCase" time="0.009"/>
  <testcase name="tag" classname="me.pustinek.interactivemessenger.bukkit.testing.parsergenerator.ParserGeneratorTestCase" time="0.01"/>
  <testcase name="onePart" classname="me.pustinek.interactivemessenger.bukkit.testing.parsergenerator.ParserGeneratorTestCase" time="0.001"/>
  <testcase name="twoParts" classname="me.pustinek.interactivemessenger.bukkit.testing.parsergenerator.ParserGeneratorTestCase" time="0.002"/>
</testsuite>